c:\users\edvards\documents\visual studio 2015\projects\policedep\policedep\debug\vc140.pdb
c:\users\edvards\documents\visual studio 2015\projects\policedep\policedep\debug\.netframework,version=v4.5.2.assemblyattributes.obj
c:\users\edvards\documents\visual studio 2015\projects\policedep\policedep\debug\.netframework,version=v4.5.2.assemblyattributes.asm
c:\users\edvards\documents\visual studio 2015\projects\policedep\policedep\debug\myform2.obj
c:\users\edvards\documents\visual studio 2015\projects\policedep\policedep\debug\myform.obj
c:\users\edvards\documents\visual studio 2015\projects\policedep\policedep\debug\policedep.tlog\metagen.write.1.tlog
c:\users\edvards\documents\visual studio 2015\projects\policedep\debug\mysql.data.dll
c:\users\edvards\documents\visual studio 2015\projects\policedep\debug\mysql.data.xml
c:\users\edvards\documents\visual studio 2015\projects\policedep\policedep\debug\policedep.myform.resources
c:\users\edvards\documents\visual studio 2015\projects\policedep\policedep\debug\policedep.myform2.resources
c:\users\edvards\documents\visual studio 2015\projects\policedep\policedep\debug\policedep.vcxproj.generateresource.cache
c:\users\edvards\documents\visual studio 2015\projects\policedep\policedep\debug\policedep.vcxprojresolveassemblyreference.cache
c:\users\edvards\documents\visual studio 2015\projects\policedep\debug\policedep.pdb
c:\users\edvards\documents\visual studio 2015\projects\policedep\debug\policedep.exe
c:\users\edvards\documents\visual studio 2015\projects\policedep\policedep\debug\policedep.tlog\cl.command.1.tlog
c:\users\edvards\documents\visual studio 2015\projects\policedep\policedep\debug\policedep.tlog\cl.read.1.tlog
c:\users\edvards\documents\visual studio 2015\projects\policedep\policedep\debug\policedep.tlog\cl.write.1.tlog
c:\users\edvards\documents\visual studio 2015\projects\policedep\policedep\debug\policedep.tlog\link.command.1.tlog
c:\users\edvards\documents\visual studio 2015\projects\policedep\policedep\debug\policedep.tlog\link.read.1.tlog
c:\users\edvards\documents\visual studio 2015\projects\policedep\policedep\debug\policedep.tlog\link.write.1.tlog
c:\users\edvards\documents\visual studio 2015\projects\policedep\policedep\debug\policedep.tlog\metagen.read.1.tlog
c:\users\edvards\documents\visual studio 2015\projects\policedep\policedep\debug\policedep.tlog\policedep.write.1u.tlog
c:\users\edvards\documents\visual studio 2015\projects\policedep\policedep\debug\policedep.tlog\mysql.data.dll.metagen
c:\users\edvards\documents\visual studio 2015\projects\policedep\policedep\debug\policedep.tlog\tzres.dll.bi
